analytics/build/intermediates/manifest_merge_blame_file/debug/manifest-merger-blame-debug-report.txt
1<?xml version="1.0" encoding="utf-8"?>
2<!--
3  ~ The MIT License (MIT)
4  ~
5  ~ Copyright (c) 2014 Segment, Inc.
6  ~
7  ~ Permission is hereby granted, free of charge, to any person obtaining a copy
8  ~ of this software and associated documentation files (the "Software"), to deal
9  ~ in the Software without restriction, including without limitation the rights
10  ~ to use, copy, modify, merge, publish, distribute, sublicense, and/or sell
11  ~ copies of the Software, and to permit persons to whom the Software is
12  ~ furnished to do so, subject to the following conditions:
13  ~
14  ~ The above copyright notice and this permission notice shall be included in all
15  ~ copies or substantial portions of the Software.
16  ~
17  ~ THE SOFTWARE IS PROVIDED "AS IS", WITHOUT WARRANTY OF ANY KIND, EXPRESS OR
18  ~ IMPLIED, INCLUDING BUT NOT LIMITED TO THE WARRANTIES OF MERCHANTABILITY,
19  ~ FITNESS FOR A PARTICULAR PURPOSE AND NONINFRINGEMENT. IN NO EVENT SHALL THE
20  ~ AUTHORS OR COPYRIGHT HOLDERS BE LIABLE FOR ANY CLAIM, DAMAGES OR OTHER
21  ~ LIABILITY, WHETHER IN AN ACTION OF CONTRACT, TORT OR OTHERWISE, ARISING FROM,
22  ~ OUT OF OR IN CONNECTION WITH THE SOFTWARE OR THE USE OR OTHER DEALINGS IN THE
23  ~ SOFTWARE.
24-->
25<manifest xmlns:android="http://schemas.android.com/apk/res/android"
26    package="com.segment.analytics.core"
27    android:versionCode="490"
28    android:versionName="4.9.0" >
29
30    <uses-sdk
31        android:minSdkVersion="14"
31-->src/main/AndroidManifest.xml
32        android:targetSdkVersion="29" />
32-->src/main/AndroidManifest.xml
33    <!-- Required for internet. -->
34    <uses-permission android:name="android.permission.INTERNET" />
34-->src/main/AndroidManifest.xml:29:3-64
34-->src/main/AndroidManifest.xml:29:20-62
35
36    <application />
36-->src/main/AndroidManifest.xml:30:3-17
37
38</manifest>